{"/home/daniel/dev/CodeCamp/vue/src/App.vue": {"path":"/home/daniel/dev/CodeCamp/vue/src/App.vue","statementMap":{"0":{"start":{"line":1,"column":1},"end":{"line":18,"column":4}},"1":{"start":{"line":4,"column":0},"end":{"line":6,"column":3}},"2":{"start":{"line":15,"column":0},"end":{"line":17,"column":2}},"3":{"start":{"line":19,"column":20},"end":{"line":19,"column":89}},"4":{"start":{"line":19,"column":114},"end":{"line":19,"column":187}},"5":{"start":{"line":20,"column":0},"end":{"line":20,"column":227}},"6":{"start":{"line":20,"column":54},"end":{"line":20,"column":58}},"7":{"start":{"line":20,"column":66},"end":{"line":20,"column":84}},"8":{"start":{"line":20,"column":92},"end":{"line":20,"column":108}},"9":{"start":{"line":20,"column":109},"end":{"line":20,"column":226}},"10":{"start":{"line":21,"column":0},"end":{"line":21,"column":37}}},"fnMap":{"0":{"name":"(anonymous_0)","decl":{"start":{"line":1,"column":2},"end":{"line":1,"column":3}},"loc":{"start":{"line":1,"column":12},"end":{"line":18,"column":1}},"line":1},"1":{"name":"render","decl":{"start":{"line":20,"column":35},"end":{"line":20,"column":41}},"loc":{"start":{"line":20,"column":45},"end":{"line":20,"column":227}},"line":20}},"branchMap":{"0":{"loc":{"start":{"line":19,"column":20},"end":{"line":19,"column":89}},"type":"cond-expr","locations":[{"start":{"line":19,"column":50},"end":{"line":19,"column":72}},{"start":{"line":19,"column":75},"end":{"line":19,"column":89}}],"line":19},"1":{"loc":{"start":{"line":19,"column":114},"end":{"line":19,"column":187}},"type":"cond-expr","locations":[{"start":{"line":19,"column":151},"end":{"line":19,"column":172}},{"start":{"line":19,"column":174},"end":{"line":19,"column":187}}],"line":19},"2":{"loc":{"start":{"line":20,"column":92},"end":{"line":20,"column":108}},"type":"binary-expr","locations":[{"start":{"line":20,"column":92},"end":{"line":20,"column":104}},{"start":{"line":20,"column":106},"end":{"line":20,"column":108}}],"line":20}},"s":{"0":0,"1":0,"2":0,"3":0,"4":0,"5":0,"6":0,"7":0,"8":0,"9":0,"10":0},"f":{"0":0,"1":0},"b":{"0":[0,0],"1":[0,0],"2":[0,0]}}
,"/home/daniel/dev/CodeCamp/vue/src/main.js": {"path":"/home/daniel/dev/CodeCamp/vue/src/main.js","statementMap":{"0":{"start":{"line":3,"column":11},"end":{"line":3,"column":25}},"1":{"start":{"line":3,"column":38},"end":{"line":3,"column":66}},"2":{"start":{"line":4,"column":11},"end":{"line":4,"column":27}},"3":{"start":{"line":4,"column":40},"end":{"line":4,"column":68}},"4":{"start":{"line":5,"column":14},"end":{"line":5,"column":33}},"5":{"start":{"line":5,"column":49},"end":{"line":5,"column":80}},"6":{"start":{"line":5,"column":119},"end":{"line":5,"column":173}},"7":{"start":{"line":7,"column":0},"end":{"line":7,"column":43}},"8":{"start":{"line":11,"column":0},"end":{"line":14,"column":24}}},"fnMap":{"0":{"name":"_interopRequireDefault","decl":{"start":{"line":5,"column":90},"end":{"line":5,"column":112}},"loc":{"start":{"line":5,"column":118},"end":{"line":5,"column":174}},"line":5}},"branchMap":{"0":{"loc":{"start":{"line":5,"column":126},"end":{"line":5,"column":172}},"type":"cond-expr","locations":[{"start":{"line":5,"column":150},"end":{"line":5,"column":153}},{"start":{"line":5,"column":156},"end":{"line":5,"column":172}}],"line":5},"1":{"loc":{"start":{"line":5,"column":126},"end":{"line":5,"column":147}},"type":"binary-expr","locations":[{"start":{"line":5,"column":126},"end":{"line":5,"column":129}},{"start":{"line":5,"column":133},"end":{"line":5,"column":147}}],"line":5}},"s":{"0":0,"1":0,"2":0,"3":0,"4":0,"5":0,"6":0,"7":0,"8":0},"f":{"0":0},"b":{"0":[0,0],"1":[0,0]}}
,"/home/daniel/dev/CodeCamp/vue/src/components/HelloWorld.vue": {"path":"/home/daniel/dev/CodeCamp/vue/src/components/HelloWorld.vue","statementMap":{"0":{"start":{"line":1,"column":1},"end":{"line":39,"column":4}},"1":{"start":{"line":4,"column":0},"end":{"line":6,"column":3}},"2":{"start":{"line":8,"column":13},"end":{"line":8,"column":29}},"3":{"start":{"line":10,"column":14},"end":{"line":10,"column":44}},"4":{"start":{"line":12,"column":39},"end":{"line":12,"column":93}},"5":{"start":{"line":14,"column":0},"end":{"line":31,"column":2}},"6":{"start":{"line":17,"column":4},"end":{"line":20,"column":6}},"7":{"start":{"line":23,"column":16},"end":{"line":23,"column":20}},"8":{"start":{"line":25,"column":4},"end":{"line":29,"column":7}},"9":{"start":{"line":26,"column":6},"end":{"line":26,"column":44}},"10":{"start":{"line":28,"column":6},"end":{"line":28,"column":25}},"11":{"start":{"line":40,"column":20},"end":{"line":40,"column":89}},"12":{"start":{"line":40,"column":114},"end":{"line":40,"column":187}},"13":{"start":{"line":41,"column":0},"end":{"line":41,"column":287}},"14":{"start":{"line":41,"column":54},"end":{"line":41,"column":58}},"15":{"start":{"line":41,"column":66},"end":{"line":41,"column":84}},"16":{"start":{"line":41,"column":92},"end":{"line":41,"column":108}},"17":{"start":{"line":41,"column":109},"end":{"line":41,"column":286}},"18":{"start":{"line":42,"column":0},"end":{"line":42,"column":37}}},"fnMap":{"0":{"name":"(anonymous_0)","decl":{"start":{"line":1,"column":2},"end":{"line":1,"column":3}},"loc":{"start":{"line":1,"column":12},"end":{"line":39,"column":1}},"line":1},"1":{"name":"_interopRequireDefault","decl":{"start":{"line":12,"column":9},"end":{"line":12,"column":31}},"loc":{"start":{"line":12,"column":37},"end":{"line":12,"column":95}},"line":12},"2":{"name":"data","decl":{"start":{"line":16,"column":17},"end":{"line":16,"column":21}},"loc":{"start":{"line":16,"column":24},"end":{"line":21,"column":3}},"line":16},"3":{"name":"mounted","decl":{"start":{"line":22,"column":20},"end":{"line":22,"column":27}},"loc":{"start":{"line":22,"column":30},"end":{"line":30,"column":3}},"line":22},"4":{"name":"(anonymous_4)","decl":{"start":{"line":25,"column":60},"end":{"line":25,"column":61}},"loc":{"start":{"line":25,"column":78},"end":{"line":27,"column":5}},"line":25},"5":{"name":"(anonymous_5)","decl":{"start":{"line":27,"column":13},"end":{"line":27,"column":14}},"loc":{"start":{"line":27,"column":30},"end":{"line":29,"column":5}},"line":27},"6":{"name":"render","decl":{"start":{"line":41,"column":35},"end":{"line":41,"column":41}},"loc":{"start":{"line":41,"column":45},"end":{"line":41,"column":287}},"line":41}},"branchMap":{"0":{"loc":{"start":{"line":12,"column":46},"end":{"line":12,"column":92}},"type":"cond-expr","locations":[{"start":{"line":12,"column":70},"end":{"line":12,"column":73}},{"start":{"line":12,"column":76},"end":{"line":12,"column":92}}],"line":12},"1":{"loc":{"start":{"line":12,"column":46},"end":{"line":12,"column":67}},"type":"binary-expr","locations":[{"start":{"line":12,"column":46},"end":{"line":12,"column":49}},{"start":{"line":12,"column":53},"end":{"line":12,"column":67}}],"line":12},"2":{"loc":{"start":{"line":40,"column":20},"end":{"line":40,"column":89}},"type":"cond-expr","locations":[{"start":{"line":40,"column":50},"end":{"line":40,"column":72}},{"start":{"line":40,"column":75},"end":{"line":40,"column":89}}],"line":40},"3":{"loc":{"start":{"line":40,"column":114},"end":{"line":40,"column":187}},"type":"cond-expr","locations":[{"start":{"line":40,"column":151},"end":{"line":40,"column":172}},{"start":{"line":40,"column":174},"end":{"line":40,"column":187}}],"line":40},"4":{"loc":{"start":{"line":41,"column":92},"end":{"line":41,"column":108}},"type":"binary-expr","locations":[{"start":{"line":41,"column":92},"end":{"line":41,"column":104}},{"start":{"line":41,"column":106},"end":{"line":41,"column":108}}],"line":41}},"s":{"0":1,"1":1,"2":1,"3":1,"4":1,"5":1,"6":1,"7":1,"8":1,"9":1,"10":0,"11":1,"12":1,"13":1,"14":2,"15":2,"16":2,"17":2,"18":1},"f":{"0":1,"1":1,"2":1,"3":1,"4":1,"5":0,"6":2},"b":{"0":[1,0],"1":[1,1],"2":[1,0],"3":[0,1],"4":[2,0]},"_coverageSchema":"332fd63041d2c1bcb487cc26dd0d5f7d97098a6c","hash":"70b961158e404864b507106743e2cf2e064ed6a0"}
}
