TN:
SF:/home/daniel/dev/CodeCamp/vue/src/App.vue
FN:1,(anonymous_0)
FN:20,render
FNF:2
FNH:0
FNDA:0,(anonymous_0)
FNDA:0,render
DA:1,0
DA:4,0
DA:15,0
DA:19,0
DA:20,0
DA:21,0
LF:6
LH:0
BRDA:19,0,0,0
BRDA:19,0,1,0
BRDA:19,1,0,0
BRDA:19,1,1,0
BRDA:20,2,0,0
BRDA:20,2,1,0
BRF:6
BRH:0
end_of_record
TN:
SF:/home/daniel/dev/CodeCamp/vue/src/main.js
FN:5,_interopRequireDefault
FNF:1
FNH:0
FNDA:0,_interopRequireDefault
DA:3,0
DA:4,0
DA:5,0
DA:7,0
DA:11,0
LF:5
LH:0
BRDA:5,0,0,0
BRDA:5,0,1,0
BRDA:5,1,0,0
BRDA:5,1,1,0
BRF:4
BRH:0
end_of_record
TN:
SF:/home/daniel/dev/CodeCamp/vue/src/components/HelloWorld.vue
FN:1,(anonymous_0)
FN:12,_interopRequireDefault
FN:16,data
FN:22,mounted
FN:25,(anonymous_4)
FN:27,(anonymous_5)
FN:41,render
FNF:7
FNH:6
FNDA:1,(anonymous_0)
FNDA:1,_interopRequireDefault
FNDA:1,data
FNDA:1,mounted
FNDA:1,(anonymous_4)
FNDA:0,(anonymous_5)
FNDA:2,render
DA:1,1
DA:4,1
DA:8,1
DA:10,1
DA:12,1
DA:14,1
DA:17,1
DA:23,1
DA:25,1
DA:26,1
DA:28,0
DA:40,1
DA:41,2
DA:42,1
LF:14
LH:13
BRDA:12,0,0,1
BRDA:12,0,1,0
BRDA:12,1,0,1
BRDA:12,1,1,1
BRDA:40,2,0,1
BRDA:40,2,1,0
BRDA:40,3,0,0
BRDA:40,3,1,1
BRDA:41,4,0,2
BRDA:41,4,1,0
BRF:10
BRH:6
end_of_record
